My PID: 14664

From a new terminal type `kill -SIGINT 14664` or `kill -SIGTERM 14664` to stop processing packets

My ID: 3

Sent '3 1'
Sent '3 2'
Sent '3 3'
Sent '3 4'
Sent '3 5'
Sent '3 6'
Sent '3 7'
Sent '3 8'
Sent '3 9'
Sent '3 10'
Retransmit [3 1, 3 2, 3 3, 3 4, 3 5, 3 6, 3 7, 3 8, 3 10, 3 9]
Sent '3 1'
Sent '3 2'
Sent '3 3'
Sent '3 4'
Sent '3 5'
Sent '3 6'
Sent '3 7'
Sent '3 8'
Sent '3 10'
Sent '3 9'
Retransmit [3 1, 3 2, 3 3, 3 4, 3 5, 3 6, 3 7, 3 8, 3 10, 3 9]
Sent '3 1'
Sent '3 2'
Sent '3 3'
Sent '3 4'
Sent '3 5'
Sent '3 6'
Sent '3 7'
Sent '3 8'
Sent '3 10'
Sent '3 9'
Immediately stopping network packet processing.
Writing output.
