My PID: 14669

From a new terminal type `kill -SIGINT 14669` or `kill -SIGTERM 14669` to stop processing packets

My ID: 8

Sent '8 1'
Sent '8 2'
Sent '8 3'
Sent '8 4'
Sent '8 5'
Sent '8 6'
Sent '8 7'
Sent '8 8'
Sent '8 9'
Sent '8 10'
Retransmit [8 8, 8 9, 8 1, 8 2, 8 3, 8 4, 8 5, 8 6, 8 10, 8 7]
Sent '8 8'
Sent '8 9'
Sent '8 1'
Sent '8 2'
Sent '8 3'
Sent '8 4'
Sent '8 5'
Sent '8 6'
Sent '8 10'
Sent '8 7'
Retransmit [8 8, 8 9, 8 1, 8 2, 8 3, 8 4, 8 5, 8 6, 8 10, 8 7]
Sent '8 8'
Sent '8 9'
Sent '8 1'
Sent '8 2'
Sent '8 3'
Sent '8 4'
Sent '8 5'
Sent '8 6'
Sent '8 10'
Sent '8 7'
Immediately stopping network packet processing.
Writing output.
