My PID: 14668

From a new terminal type `kill -SIGINT 14668` or `kill -SIGTERM 14668` to stop processing packets

My ID: 7

Sent '7 1'
Sent '7 2'
Sent '7 3'
Sent '7 4'
Sent '7 5'
Sent '7 6'
Sent '7 7'
Sent '7 8'
Sent '7 9'
Sent '7 10'
Retransmit [7 9, 7 10, 7 1, 7 2, 7 3, 7 4, 7 5, 7 6, 7 7, 7 8]
Sent '7 9'
Sent '7 10'
Sent '7 1'
Sent '7 2'
Sent '7 3'
Sent '7 4'
Sent '7 5'
Sent '7 6'
Sent '7 7'
Sent '7 8'
Retransmit [7 9, 7 10, 7 1, 7 2, 7 3, 7 4, 7 5, 7 6, 7 7, 7 8]
Sent '7 9'
Sent '7 10'
Sent '7 1'
Sent '7 2'
Sent '7 3'
Sent '7 4'
Sent '7 5'
Sent '7 6'
Sent '7 7'
Sent '7 8'
Immediately stopping network packet processing.
Writing output.
