My PID: 14662

From a new terminal type `kill -SIGINT 14662` or `kill -SIGTERM 14662` to stop processing packets

My ID: 1

Received: 7 1
Received: 7 2
Received: 7 3
Received: 7 4
Received: 7 5
Received: 7 6
Received: 7 7
Received: 7 8
Received: 7 9
Received: 7 10
Received: 5 1
Received: 5 2
Received: 5 3
Received: 5 4
Received: 5 5
Received: 5 6
Received: 5 7
Received: 5 8
Received: 5 9
Received: 5 10
Received: 8 2
Received: 8 3
Received: 8 4
Received: 8 5
Received: 8 6
Received: 8 7
Received: 8 8
Received: 8 9
Received: 8 10
Received: 10 1
Received: 10 2
Received: 10 3
Received: 10 4
Received: 10 5
Received: 10 6
Received: 10 7
Received: 10 8
Received: 10 9
Received: 10 10
Received: 3 1
Received: 3 2
Received: 3 3
Received: 3 4
Received: 3 5
Received: 3 6
Received: 3 7
Received: 3 8
Received: 3 9
Received: 3 10
Received: 9 7
Received: 9 8
Received: 9 9
Received: 9 1
Received: 9 2
Received: 9 3
Received: 9 10
Received: 9 4
Received: 9 5
Received: 9 6
Received: 2 1
Received: 2 2
Received: 2 3
Received: 2 4
Received: 2 5
Received: 2 6
Received: 2 7
Received: 2 8
Received: 2 10
Received: 2 9
Received: 6 10
Received: 6 1
Received: 6 2
Received: 6 3
Received: 6 4
Received: 6 5
Received: 6 6
Received: 6 7
Received: 6 8
Received: 6 9
Received: 7 9
Received: 7 10
Received: 7 1
Received: 7 2
Received: 7 3
Received: 7 4
Received: 7 5
Received: 7 6
Received: 7 7
Received: 7 8
Received: 5 10
Received: 5 1
Received: 5 2
Received: 5 3
Received: 5 4
Received: 5 5
Received: 5 6
Received: 5 7
Received: 5 8
Received: 5 9
Received: 8 8
Received: 8 9
Received: 8 1
Received: 8 2
Received: 8 3
Received: 8 4
Received: 8 5
Received: 8 6
Received: 8 10
Received: 8 7
Received: 3 1
Received: 3 2
Received: 3 3
Received: 3 4
Received: 3 5
Received: 3 6
Received: 3 7
Received: 3 8
Received: 3 10
Received: 3 9
Received: 9 7
Received: 9 8
Received: 9 9
Received: 9 1
Received: 9 2
Received: 9 3
Received: 9 10
Received: 9 4
Received: 9 5
Received: 9 6
Received: 2 1
Received: 2 2
Received: 2 3
Received: 2 4
Received: 2 5
Received: 2 6
Received: 2 7
Received: 2 8
Received: 2 10
Received: 2 9
Received: 6 10
Received: 6 1
Received: 6 2
Received: 6 3
Received: 6 4
Received: 6 5
Received: 6 6
Received: 6 7
Received: 6 8
Received: 6 9
Received: 7 9
Received: 7 10
Received: 7 1
Received: 7 2
Received: 7 3
Received: 7 4
Received: 7 5
Received: 7 6
Received: 7 7
Received: 7 8
Received: 5 10
Received: 5 1
Received: 5 2
Received: 5 3
Received: 5 4
Received: 5 5
Received: 5 6
Received: 5 7
Received: 5 8
Received: 5 9
Received: 8 8
Received: 8 9
Received: 8 1
Received: 8 2
Received: 8 3
Received: 8 4
Received: 8 5
Received: 8 6
Received: 8 10
Received: 8 7
Received: 3 1
Received: 3 2
Received: 3 3
Received: 3 4
Received: 3 5
Received: 3 6
Received: 3 7
Received: 3 8
Received: 3 10
Received: 3 9
Immediately stopping network packet processing.
Writing output.
