My PID: 14667

From a new terminal type `kill -SIGINT 14667` or `kill -SIGTERM 14667` to stop processing packets

My ID: 6

Sent '6 1'
Sent '6 2'
Sent '6 3'
Sent '6 4'
Sent '6 5'
Sent '6 6'
Sent '6 7'
Sent '6 8'
Sent '6 9'
Sent '6 10'
Retransmit [6 10, 6 1, 6 2, 6 3, 6 4, 6 5, 6 6, 6 7, 6 8, 6 9]
Sent '6 10'
Sent '6 1'
Sent '6 2'
Sent '6 3'
Sent '6 4'
Sent '6 5'
Sent '6 6'
Sent '6 7'
Sent '6 8'
Sent '6 9'
Retransmit [6 10, 6 1, 6 2, 6 3, 6 4, 6 5, 6 6, 6 7, 6 8, 6 9]
Sent '6 10'
Sent '6 1'
Sent '6 2'
Sent '6 3'
Sent '6 4'
Sent '6 5'
Sent '6 6'
Sent '6 7'
Sent '6 8'
Sent '6 9'
Immediately stopping network packet processing.
Writing output.
